
ROM used:   6611/8192 (81%)
            7891/8192 (96%) including unused fragments

            2.7 Average locations per line
            10.4 Average locations per statement

RAM used:   73/368 (20%) at main() level
            307/368 (83%) worst case

Stack used: 8 worst case (1 in main + 7 for interrupts)
Stack size: 8

Lines Stmts  %   Files
----- ----- ---  -----
  366   214  34  src\main.c
  751     0   0  ..\..\..\..\Program Files (x86)\PICC\Devices\16F886.h
  332   153  24  src\polyonedisplay.h
  374   116  18  src\JoaquinSupportAPI\timer.h
  300    92  14  src\JoaquinSupportAPI\tiempo.h
  132    48   8  src\JoaquinSupportAPI\ds3231.h
   35     0   0  src\JoaquinSupportAPI\array.h
  130     0   0  src\JoaquinSupportAPI\sevensegmentdisplay.h
   46    13   2  src\JoaquinSupportAPI\shiftregister.h
   18     0   0  src\JoaquinSupportAPI\buttons.h
----- -----
 2484   636 Total

Page ROM  %  RAM   Vol Diff  Functions:
---- --- --- ---   --- ----  ----------
1     20   0    1             @delay_ms1
 Inline         3             @I2C_READ_1
0     76   1    1             @I2C_WRITE_1
0     23   0    4    92  3.2  bcd_to_decimal
0     39   1    2             @MUL88
0     32   0    3   104  3.7  decimal_to_bcd
0     25   0    3             @DIV88
0    178   3    2   253  3.8  DS3231_Read
0     63   1    2   136  2.8  DS3231_Write
 Inline         3   258  3.0  ds3231_get_Time
0     43   1    4   183  2.5  setTime
 Inline         5   233  2.1  setDate
 Inline         6   147  4.5  Array_clearArray
0     67   1    7   255  4.6  Array_splitNumberIntoDigits
0     39   1    5             @DIV1616
 Inline         0    32  1.0  ShiftRegister_closeStrobe
0     71   1    5   466  6.3  ShiftRegister_sendData
0     31   0    0             @const714
 Inline         7   169  4.5  SevenSegmentDisplay_changeNumbersIntoDisplayableNumbers
 Inline         7   218  5.0  SevenSegmentDisplay_changeNumbersIntoDisplayableNumbersWithDot
0    109   2    4   158  3.5  SevenSegmentDisplay_showArrayOfNumbers
 Inline         4   325  4.2  SeventSegmentDisplay_showHyphens
 Inline         7   158  3.5  Time_new
0     84   1    7   197  2.9  Time_getCurrentTime
0    109   2   11   878  8.2  Time_getTimeInDigits
 Inline         3   120  3.1  Time_isTimeZero
0     61   1    5   158  3.5  Time_setClockTime
0    158   2   20   231  4.4  Time_changeTimeToSeconds
0     46   1   13             @MUL3232
1      9   0    0    33  1.3  Time_clearRtcTime
 Inline        19   654  6.2  Time_showHoursMinutesRtc
 Inline        18   644  6.1  Time_showMinutesSecondsRtc
0    339   5   32   581  7.4  Timer_updateCountdownTime
0    126   2   14             @DIVS3232
 Inline        36   699  4.4  Timer_newHoursMinutes
 Inline        35   693  4.3  Timer_newMinutesSeconds
 Inline         4    43  2.5  Timer_setRtc
 Inline         6   356  4.2  Timer_updateTimerFromEeprom
 Inline         5   149  4.9  Timer_increaseTimerHours
1     50   1    5   149  4.9  Timer_increaseTimerMinutes
 Inline         5   149  4.9  Timer_increaseTimerSeconds
 Inline         4   197  3.3  Timer_saveRtcCurrentTime
 Inline         4   129  3.3  Timer_saveAlarmHoursMinutes
 Inline         4   129  3.3  Timer_saveAlarmMinutesSeconds
 Inline         4    48  2.9  Timer_isTimerFinished
 Inline        17   659  7.2  Timer_showHoursAndMinutesOfCountdownTime
 Inline        20   667  6.7  Timer_showMinutesAndSecondsOfCountdownTime
 Inline        16   400  6.1  Timer_hideHoursAndShowMinutesOfLimitTime
 Inline        16   400  6.1  Timer_hideMinutesAndShowSecondsOfLimitTime
 Inline        16   493  5.7  Timer_showHoursAndMinutesOfLimitTime
 Inline        16   493  5.7  Timer_showMinutesAndSecondsOfLimitTime
 Inline        16   424  5.7  Timer_hideMinutesAndShowHoursOfLimitTime
 Inline        16   427  5.5  Timer_hideSecondsAndShowMinutesOfLimitTime
0     14   0    0             @const1036
0     97   1    4   264  5.5  PolyoneDisplay_updateRtc
0     86   1    6   168  3.8  PolyoneDisplay_updateTimer
 Inline        53  1789  9.0  PolyoneDisplay_new
1    498   8    5   445  4.8  PolyoneDisplay_showCount
1    199   3    4   165  4.2  PolyoneDisplay_showLimitTime
 Inline         4   165  3.5  PolyoneDisplay_hideBrightness
1     68   1    8   398  6.1  PolyoneDisplay_showBrightness
 Inline         4   165  4.2  PolyoneDisplay_showFirstNumber
 Inline         4   165  4.2  PolyoneDisplay_showSecondNumber
 Inline         7   727  6.7  PolyoneDisplay_showFormat
 Inline         6   118  3.9  PolyoneDisplay_increaseBrightness
 Inline         4   165  4.2  PolyoneDisplay_increaseFirstNumber
 Inline         4   165  4.2  PolyoneDisplay_increaseSecondNumber
 Inline         5   937  5.3  PolyoneDisplay_swapFormat
 Inline         3   367  5.6  PolyoneDisplay_isAlarmOkay
1    188   3    4   133  3.9  PolyoneDisplay_saveRtcCurrentTime
1     43   1    4    57  2.6  PolyoneDisplay_saveTypeOfCount
1     42   1    4    57  2.6  PolyoneDisplay_saveBrightness
0     33   0    6    93  3.2  PolyoneDisplay_setState
1     32   0    5    76  2.7  PolyoneDisplay_stop
0     83   1    4   106  2.8  PolyoneDisplay_saveState
 Inline         4    57  2.6  PolyoneDisplay_saveFormat
 Inline         4   167  4.7  PolyoneDisplay_saveAlarm
 Inline         5   202  4.3  PolyoneDisplay_resume
 Inline         4    57  1.3  PolyoneDisplay_isTimerDone
1    195   3    0    54  2.1  MAIN
0     12   0    0             @const1139
2   1380  21    4  2904  7.4  x
2     15   0    0             @goto11612
3   1738  26    1  3182  9.4  Task_runStateMachine
3      9   0    0             @goto11745
1     30   0    0   257  4.6  Task_checkIfStartStopResetButtonIsHeld
1     30   0    0   257  4.6  Task_checkIfMenuButtonIsHeld
1     17   0    0    37  2.0  Task_blinkDisplay
 Inline         1   129  2.6  setupHardware
 Inline         0   134  1.3  turnOnBuzzer
 Inline         0             @cinit1

Program metrics:
    Functions               77
    Statements              636
    Comments                378
    Volume (V)              54986
    Difficulty (D)          338.7
    Effort to implement (E) 18621268
    Time to implement (T)   287 hours, 22 minutes
    Est Delivered Bugs (B)  23
    Cyclomatic Complexity   88
    Maintainability (MI)    88

 Segment     Used  Free
-----------  ----  ----
00000-00003     4  0  
00004-007FF  2044  0  
00800-00FFF  1421  627  
01000-017FF  1395  653  
01800-01FFF  1747  301  



